0 info it worked if it ends with ok
1 verbose cli [ '/usr/local/Cellar/node/5.7.0/bin/node',
1 verbose cli   '/usr/local/bin/npm',
1 verbose cli   'run',
1 verbose cli   'lint' ]
2 info using npm@3.8.3
3 info using node@v5.7.0
4 verbose run-script [ 'prelint', 'lint', 'postlint' ]
5 info lifecycle grocery-list@0.0.0~prelint: grocery-list@0.0.0
6 silly lifecycle grocery-list@0.0.0~prelint: no script for prelint, continuing
7 info lifecycle grocery-list@0.0.0~lint: grocery-list@0.0.0
8 verbose lifecycle grocery-list@0.0.0~lint: unsafe-perm in lifecycle true
9 verbose lifecycle grocery-list@0.0.0~lint: PATH: /usr/local/lib/node_modules/npm/bin/node-gyp-bin:/Users/konstantinzverev/Documents/web2/grocery-list/node_modules/.bin:/usr/local/Cellar/node/5.7.0/bin:/usr/local/bin:/usr/bin:/bin:/usr/sbin:/sbin:/usr/local/git/bin
10 verbose lifecycle grocery-list@0.0.0~lint: CWD: /Users/konstantinzverev/Documents/web2/grocery-list
11 silly lifecycle grocery-list@0.0.0~lint: Args: [ '-c', './node_modules/eslint/bin/eslint.js ./' ]
12 silly lifecycle grocery-list@0.0.0~lint: Returned: code: 1  signal: null
13 info lifecycle grocery-list@0.0.0~lint: Failed to exec lint script
14 verbose stack Error: grocery-list@0.0.0 lint: `./node_modules/eslint/bin/eslint.js ./`
14 verbose stack Exit status 1
14 verbose stack     at EventEmitter.<anonymous> (/usr/local/lib/node_modules/npm/lib/utils/lifecycle.js:239:16)
14 verbose stack     at emitTwo (events.js:100:13)
14 verbose stack     at EventEmitter.emit (events.js:185:7)
14 verbose stack     at ChildProcess.<anonymous> (/usr/local/lib/node_modules/npm/lib/utils/spawn.js:24:14)
14 verbose stack     at emitTwo (events.js:100:13)
14 verbose stack     at ChildProcess.emit (events.js:185:7)
14 verbose stack     at maybeClose (internal/child_process.js:827:16)
14 verbose stack     at Process.ChildProcess._handle.onexit (internal/child_process.js:211:5)
15 verbose pkgid grocery-list@0.0.0
16 verbose cwd /Users/konstantinzverev/Documents/web2/grocery-list
17 error Darwin 15.4.0
18 error argv "/usr/local/Cellar/node/5.7.0/bin/node" "/usr/local/bin/npm" "run" "lint"
19 error node v5.7.0
20 error npm  v3.8.3
21 error code ELIFECYCLE
22 error grocery-list@0.0.0 lint: `./node_modules/eslint/bin/eslint.js ./`
22 error Exit status 1
23 error Failed at the grocery-list@0.0.0 lint script './node_modules/eslint/bin/eslint.js ./'.
23 error Make sure you have the latest version of node.js and npm installed.
23 error If you do, this is most likely a problem with the grocery-list package,
23 error not with npm itself.
23 error Tell the author that this fails on your system:
23 error     ./node_modules/eslint/bin/eslint.js ./
23 error You can get information on how to open an issue for this project with:
23 error     npm bugs grocery-list
23 error Or if that isn't available, you can get their info via:
23 error     npm owner ls grocery-list
23 error There is likely additional logging output above.
24 verbose exit [ 1, true ]
